thanked.add('AK-00')
thanked.add('AL-01')
thanked.add('AL-02')
thanked.add('AL-03')
thanked.add('AL-04')
thanked.add('AL-05')
thanked.add('AL-06')
thanked.add('AL-07')
err.add('AQ-00') 'AQ-00'
thanked.add('AR-01')
thanked.add('AR-02')
thanked.add('AR-03')
thanked.add('AR-04')
thanked.add('AZ-01')
thanked.add('AZ-02')
err.add('AZ-03') HTTP Error 404: Not Found
thanked.add('AZ-04')
thanked.add('AZ-05')
thanked.add('AZ-06')
thanked.add('AZ-07')
thanked.add('AZ-08')
err.add('AZ-09') Address match problem: street number in the input address was not valid
thanked.add('CA-01')
thanked.add('CA-02')
thanked.add('CA-03')
thanked.add('CA-04')
thanked.add('CA-05')
thanked.add('CA-06')
thanked.add('CA-07')
thanked.add('CA-08')
thanked.add('CA-09')
thanked.add('CA-10')
thanked.add('CA-11')
thanked.add('CA-12')
thanked.add('CA-13')
thanked.add('CA-14')
thanked.add('CA-15')
thanked.add('CA-16')
thanked.add('CA-17')
thanked.add('CA-18')
thanked.add('CA-19')
thanked.add('CA-20')
err.add('CA-21') Address match problem: exact street name match could not be found
err.add('CA-22') Zip incorrect: Zip Code is required
thanked.add('CA-23')
thanked.add('CA-24')
thanked.add('CA-25')
thanked.add('CA-26')
thanked.add('CA-27')
thanked.add('CA-28')
thanked.add('CA-29')
thanked.add('CA-30')
thanked.add('CA-31')
thanked.add('CA-32')
thanked.add('CA-33')
err.add('CA-34')
thanked.add('CA-35')
thanked.add('CA-36')
thanked.add('CA-37')
thanked.add('CA-38')
thanked.add('CA-39')
err.add('CA-40') Address match problem: street number in the input address was not valid
thanked.add('CA-41')
err.add('CA-42') Zip incorrect: Zip Code is required
thanked.add('CA-43')
thanked.add('CA-44')
thanked.add('CA-45')
thanked.add('CA-46')
err.add('CA-47')
thanked.add('CA-48')
err.add('CA-49') Captcha problem: captcha
thanked.add('CA-50')
thanked.add('CA-51')
thanked.add('CA-52')
thanked.add('CA-53')
thanked.add('CO-01')
err.add('CO-02') Address match problem: exact street name match could not be found
thanked.add('CO-03')
thanked.add('CO-04')
thanked.add('CO-05')
err.add('CO-06') Zip incorrect: Zip Code Authentication Failed
thanked.add('CO-07')
thanked.add('CT-01')
thanked.add('CT-02')
thanked.add('CT-03')
thanked.add('CT-04')
thanked.add('CT-05')
thanked.add('DC-00')
thanked.add('DE-00')
thanked.add('FL-01')
thanked.add('FL-02')
thanked.add('FL-03')
err.add('FL-04')
thanked.add('FL-05')
err.add('FL-06') Zip incorrect: Zip Code Authentication Failed
thanked.add('FL-07')
err.add('FL-08') Address match problem: street number in the input address was not valid
thanked.add('FL-09')
thanked.add('FL-10')
thanked.add('FL-11')
err.add('FL-12')
err.add('FL-13') unknown url type: N/A
err.add('FL-14')
err.add('FL-15')
thanked.add('FL-16')
thanked.add('FL-17')
err.add('FL-18') Address match problem: street number in the input address was not valid
err.add('FL-19') unknown url type: N/A
err.add('FL-20') Address match problem: street number in the input address was not valid
err.add('FL-21') Address match problem: street number in the input address was not valid
thanked.add('FL-22')
thanked.add('FL-23')
err.add('FL-24')
err.add('FL-25')
err.add('FL-26') Address match problem: exact street name match could not be found
thanked.add('FL-27')
thanked.add('GA-01')
thanked.add('GA-02')
thanked.add('GA-03')
thanked.add('GA-04')
thanked.add('GA-05')
thanked.add('GA-06')
thanked.add('GA-07')
thanked.add('GA-08')
thanked.add('GA-09')
thanked.add('GA-10')
thanked.add('GA-11')
err.add('GA-12') Address match problem: exact street name match could not be found
err.add('GA-13')
err.add('GA-14') Address match problem: exact street name match could not be found
thanked.add('GU-00')
thanked.add('HI-01')
thanked.add('HI-02')
thanked.add('IA-01')
err.add('IA-02') Address match problem: exact street name match could not be found
thanked.add('IA-03')
thanked.add('IA-04')
thanked.add('ID-01')
thanked.add('ID-02')
err.add('IL-01')
thanked.add('IL-02')
thanked.add('IL-03')
err.add('IL-04') Address match problem: exact street name match could not be found
err.add('IL-05') Address match problem: exact street name match could not be found
thanked.add('IL-06')
thanked.add('IL-07')
thanked.add('IL-08')
thanked.add('IL-09')
thanked.add('IL-10')
err.add('IL-11')
thanked.add('IL-12')
err.add('IL-13')
thanked.add('IL-14')
thanked.add('IL-15')
thanked.add('IL-16')
thanked.add('IL-17')
thanked.add('IL-18')
thanked.add('IN-01')
thanked.add('IN-02')
thanked.add('IN-03')
thanked.add('IN-04')
thanked.add('IN-05')
thanked.add('IN-06')
thanked.add('IN-07')
thanked.add('IN-08')
err.add('IN-09')
thanked.add('KS-01')
thanked.add('KS-02')
thanked.add('KS-03')
thanked.add('KS-04')
thanked.add('KY-01')
err.add('KY-02') Address match problem: exact street name match could not be found
thanked.add('KY-03')
thanked.add('KY-04')
thanked.add('KY-05')
thanked.add('KY-06')
thanked.add('LA-01')
thanked.add('LA-02')
thanked.add('LA-03')
err.add('LA-04')
thanked.add('LA-05')
thanked.add('LA-06')
thanked.add('MA-01')
err.add('MA-02')
thanked.add('MA-03')
thanked.add('MA-04')
thanked.add('MA-05')
thanked.add('MA-06')
thanked.add('MA-07')
thanked.add('MA-08')
thanked.add('MA-09')
thanked.add('MD-01')
thanked.add('MD-02')
thanked.add('MD-03')
thanked.add('MD-04')
thanked.add('MD-05')
thanked.add('MD-06')
thanked.add('MD-07')
thanked.add('MD-08')
thanked.add('ME-01')
thanked.add('ME-02')
thanked.add('MI-01')
thanked.add('MI-02')
thanked.add('MI-03')
thanked.add('MI-04')
thanked.add('MI-05')
thanked.add('MI-06')
thanked.add('MI-07')
thanked.add('MI-08')
thanked.add('MI-09')
thanked.add('MI-10')
thanked.add('MI-11')
thanked.add('MI-12')
err.add('MI-13')
thanked.add('MI-14')
thanked.add('MN-01')
thanked.add('MN-02')
thanked.add('MN-03')
thanked.add('MN-04')
thanked.add('MN-05')
thanked.add('MN-06')
thanked.add('MN-07')
thanked.add('MN-08')
thanked.add('MO-01')
thanked.add('MO-02')
err.add('MO-03') Address match problem: exact street name match could not be found
thanked.add('MO-04')
thanked.add('MO-05')
thanked.add('MO-06')
thanked.add('MO-07')
thanked.add('MO-08')
err.add('MP-00') 'MP-00'
thanked.add('MS-01')
thanked.add('MS-02')
err.add('MS-03')
err.add('MS-04') Address match problem: exact street name match could not be found
thanked.add('MT-00')
thanked.add('NC-01')
thanked.add('NC-02')
thanked.add('NC-03')
thanked.add('NC-04')
thanked.add('NC-05')
err.add('NC-06') Address match problem: Address matched to multiple records
err.add('NC-07')
thanked.add('NC-08')
thanked.add('NC-09')
thanked.add('NC-10')
thanked.add('NC-11')
err.add('NC-12') unknown url type: N/A
thanked.add('NC-13')
thanked.add('ND-00')
thanked.add('NE-01')
thanked.add('NE-02')
thanked.add('NE-03')
thanked.add('NH-01')
thanked.add('NH-02')
err.add('NJ-01')
thanked.add('NJ-02')
thanked.add('NJ-03')
thanked.add('NJ-04')
thanked.add('NJ-05')
thanked.add('NJ-06')
thanked.add('NJ-07')
thanked.add('NJ-08')
thanked.add('NJ-09')
thanked.add('NJ-10')
err.add('NJ-11') General error: following problems were found in your submission
thanked.add('NJ-12')
err.add('NM-01')
thanked.add('NM-02')
thanked.add('NM-03')
thanked.add('NV-01')
thanked.add('NV-02')
thanked.add('NV-03')
thanked.add('NV-04')
thanked.add('NY-01')
thanked.add('NY-02')
thanked.add('NY-03')
thanked.add('NY-04')
thanked.add('NY-05')
thanked.add('NY-06')
err.add('NY-07')
err.add('NY-08')
thanked.add('NY-09')
err.add('NY-10')
thanked.add('NY-11')
thanked.add('NY-12')
thanked.add('NY-13')
thanked.add('NY-14')
thanked.add('NY-15')
thanked.add('NY-16')
thanked.add('NY-17')
thanked.add('NY-18')
thanked.add('NY-19')
err.add('NY-20')
thanked.add('NY-21')
thanked.add('NY-22')
thanked.add('NY-23')
thanked.add('NY-24')
thanked.add('NY-25')
thanked.add('NY-26')
thanked.add('NY-27')
thanked.add('OH-01')
err.add('OH-02') Zip incorrect: it appears that you live outside of
err.add('OH-03')
thanked.add('OH-04')
thanked.add('OH-05')
thanked.add('OH-06')
thanked.add('OH-07')
thanked.add('OH-08')
thanked.add('OH-09')
thanked.add('OH-10')
thanked.add('OH-11')
err.add('OH-12')
thanked.add('OH-13')
thanked.add('OH-14')
thanked.add('OH-15')
thanked.add('OH-16')
err.add('OK-01')
thanked.add('OK-02')
thanked.add('OK-03')
thanked.add('OK-04')
thanked.add('OK-05')
thanked.add('OR-01')
thanked.add('OR-02')
thanked.add('OR-03')
thanked.add('OR-04')
err.add('OR-05') Address match problem: street number in the input address was not valid
thanked.add('PA-01')
thanked.add('PA-02')
thanked.add('PA-03')
err.add('PA-04') Address match problem: exact street name match could not be found
thanked.add('PA-05')
thanked.add('PA-06')
thanked.add('PA-07')
thanked.add('PA-08')
thanked.add('PA-09')
thanked.add('PA-10')
thanked.add('PA-11')
thanked.add('PA-12')
thanked.add('PA-13')
thanked.add('PA-14')
thanked.add('PA-15')
thanked.add('PA-16')
err.add('PA-17')
thanked.add('PA-18')
thanked.add('PR-00')
thanked.add('RI-01')
thanked.add('RI-02')
err.add('SC-01') Zip incorrect: Zip Code Authentication Failed
thanked.add('SC-02')
thanked.add('SC-03')
thanked.add('SC-04')
err.add('SC-05')
err.add('SC-06') HTTP Error 404: Not found
err.add('SC-07') Address match problem: street number in the input address was not valid
thanked.add('SD-00')
thanked.add('TN-01')
thanked.add('TN-02')
thanked.add('TN-03')
thanked.add('TN-04')
thanked.add('TN-05')
thanked.add('TN-06')
thanked.add('TN-07')
thanked.add('TN-08')
thanked.add('TN-09')
thanked.add('TX-01')
err.add('TX-02')
err.add('TX-03') Address match problem: exact street name match could not be found
err.add('TX-04')
thanked.add('TX-05')
thanked.add('TX-06')
err.add('TX-07') Address match problem: exact street name match could not be found
err.add('TX-08')
thanked.add('TX-09')
err.add('TX-10')
thanked.add('TX-11')
thanked.add('TX-12')
err.add('TX-13') Address match problem: exact street name match could not be found
thanked.add('TX-14')
thanked.add('TX-15')
err.add('TX-16')
err.add('TX-17') Address match problem: exact street name match could not be found
thanked.add('TX-18')
thanked.add('TX-19')
thanked.add('TX-20')
thanked.add('TX-21')
thanked.add('TX-22')
thanked.add('TX-23')
thanked.add('TX-24')
thanked.add('TX-25')
thanked.add('TX-26')
err.add('TX-27') Address match problem: exact street name match could not be found
err.add('TX-28') Zip incorrect: it appears that you live outside of
thanked.add('TX-29')
thanked.add('TX-30')
thanked.add('TX-31')
err.add('TX-32') Captcha problem: captcha
err.add('TX-33')
thanked.add('TX-34')
thanked.add('TX-35')
thanked.add('TX-36')
thanked.add('UT-01')
thanked.add('UT-02')
thanked.add('UT-03')
err.add('UT-04') General error: following problems were found in your submission
thanked.add('VA-01')
err.add('VA-02')
thanked.add('VA-03')
thanked.add('VA-04')
thanked.add('VA-05')
thanked.add('VA-06')
thanked.add('VA-07')
err.add('VA-08')
thanked.add('VA-09')
thanked.add('VA-10')
thanked.add('VA-11')
thanked.add('VI-00')
thanked.add('VT-00')
thanked.add('WA-01')
thanked.add('WA-02')
err.add('WA-03') Address match problem: exact street name match could not be found
thanked.add('WA-04')
thanked.add('WA-05')
thanked.add('WA-06')
thanked.add('WA-07')
thanked.add('WA-08')
thanked.add('WA-09')
thanked.add('WA-10')
thanked.add('WI-01')
thanked.add('WI-02')
thanked.add('WI-03')
thanked.add('WI-04')
thanked.add('WI-05')
thanked.add('WI-06')
thanked.add('WI-07')
thanked.add('WI-08')
thanked.add('WV-01')
thanked.add('WV-02')
thanked.add('WV-03')
thanked.add('WY-00')
thanked.add('AK-00')
thanked.add('AL-01')
thanked.add('AL-02')
